<?xml version="1.0" encoding="UTF-8"?>
<!-- Generated by org.testng.reporters.JUnitXMLReporter -->
<testsuite hostname="AKAPOOR4XJS022" ignored="0" tests="8" failures="0" timestamp="29 May 2019 08:08:06 GMT" time="0.044" errors="0">
  <testcase name="method1" time="0.009" classname="Test1"/>
  <testcase name="method2" time="0.001" classname="Test2"/>
  <testcase name="firstmethod" time="0.001" classname="Test1"/>
  <testcase name="secondmethod" time="0.001" classname="Test1"/>
  <testcase name="thirdmethod" time="0.001" classname="Test1"/>
  <testcase name="firstmethod" time="0.001" classname="Test2"/>
  <testcase name="secondmethod" time="0.001" classname="Test2"/>
  <testcase name="thirdmethod" time="0.0" classname="Test2"/>
</testsuite>
