<?xml version="1.0" encoding="UTF-8"?>
<testng-results skipped="0" failed="0" ignored="0" total="8" passed="8">
  <reporter-output>
  </reporter-output>
  <suite name="Suite" duration-ms="52" started-at="2019-05-29T08:15:30Z" finished-at="2019-05-29T08:15:30Z">
    <groups>
    </groups>
    <test name="Test" duration-ms="52" started-at="2019-05-29T08:15:30Z" finished-at="2019-05-29T08:15:30Z">
      <class name="Test1">
        <test-method status="PASS" signature="method1()[pri:0, instance:Test1@1134affc]" name="method1" duration-ms="20" started-at="2019-05-29T13:45:30Z" finished-at="2019-05-29T13:45:30Z">
          <reporter-output>
          </reporter-output>
        </test-method> <!-- method1 -->
        <test-method status="PASS" signature="firstmethod()[pri:1, instance:Test1@1134affc]" name="firstmethod" duration-ms="0" started-at="2019-05-29T13:45:30Z" finished-at="2019-05-29T13:45:30Z">
          <reporter-output>
          </reporter-output>
        </test-method> <!-- firstmethod -->
        <test-method status="PASS" signature="secondmethod()[pri:2, instance:Test1@1134affc]" name="secondmethod" duration-ms="0" started-at="2019-05-29T13:45:30Z" finished-at="2019-05-29T13:45:30Z">
          <reporter-output>
          </reporter-output>
        </test-method> <!-- secondmethod -->
        <test-method status="PASS" signature="thirdmethod()[pri:3, instance:Test1@1134affc]" name="thirdmethod" duration-ms="1" started-at="2019-05-29T13:45:30Z" finished-at="2019-05-29T13:45:30Z">
          <reporter-output>
          </reporter-output>
        </test-method> <!-- thirdmethod -->
      </class> <!-- Test1 -->
      <class name="Test2">
        <test-method status="PASS" signature="method2()[pri:0, instance:Test2@1b0375b3]" name="method2" duration-ms="0" started-at="2019-05-29T13:45:30Z" finished-at="2019-05-29T13:45:30Z">
          <reporter-output>
          </reporter-output>
        </test-method> <!-- method2 -->
        <test-method status="PASS" signature="firstmethod()[pri:3, instance:Test2@1b0375b3]" name="firstmethod" duration-ms="0" started-at="2019-05-29T13:45:30Z" finished-at="2019-05-29T13:45:30Z">
          <reporter-output>
          </reporter-output>
        </test-method> <!-- firstmethod -->
        <test-method status="PASS" signature="secondmethod()[pri:4, instance:Test2@1b0375b3]" name="secondmethod" duration-ms="0" started-at="2019-05-29T13:45:30Z" finished-at="2019-05-29T13:45:30Z">
          <reporter-output>
          </reporter-output>
        </test-method> <!-- secondmethod -->
        <test-method status="PASS" signature="thirdmethod()[pri:5, instance:Test2@1b0375b3]" name="thirdmethod" duration-ms="0" started-at="2019-05-29T13:45:30Z" finished-at="2019-05-29T13:45:30Z">
          <reporter-output>
          </reporter-output>
        </test-method> <!-- thirdmethod -->
      </class> <!-- Test2 -->
    </test> <!-- Test -->
  </suite> <!-- Suite -->
</testng-results>
