<?xml version="1.0" encoding="UTF-8"?>
<testng-results skipped="0" failed="0" ignored="0" total="4" passed="4">
  <reporter-output>
  </reporter-output>
  <suite name="Default suite" duration-ms="87" started-at="2019-05-29T01:54:28Z" finished-at="2019-05-29T01:54:28Z">
    <groups>
    </groups>
    <test name="Default test" duration-ms="87" started-at="2019-05-29T01:54:28Z" finished-at="2019-05-29T01:54:28Z">
      <class name="Test1">
        <test-method status="PASS" signature="method1()[pri:0, instance:Test1@1a485d2]" name="method1" duration-ms="16" started-at="2019-05-29T07:24:28Z" finished-at="2019-05-29T07:24:28Z">
          <reporter-output>
          </reporter-output>
        </test-method> <!-- method1 -->
        <test-method status="PASS" signature="secondmethod()[pri:1, instance:Test1@1a485d2]" name="secondmethod" duration-ms="2" started-at="2019-05-29T07:24:28Z" finished-at="2019-05-29T07:24:28Z">
          <reporter-output>
          </reporter-output>
        </test-method> <!-- secondmethod -->
        <test-method status="PASS" signature="thirdmethod()[pri:1, instance:Test1@1a485d2]" name="thirdmethod" duration-ms="1" started-at="2019-05-29T07:24:28Z" finished-at="2019-05-29T07:24:28Z">
          <reporter-output>
          </reporter-output>
        </test-method> <!-- thirdmethod -->
        <test-method status="PASS" signature="firstmethod()[pri:2, instance:Test1@1a485d2]" name="firstmethod" duration-ms="2" started-at="2019-05-29T07:24:28Z" finished-at="2019-05-29T07:24:28Z">
          <reporter-output>
          </reporter-output>
        </test-method> <!-- firstmethod -->
      </class> <!-- Test1 -->
    </test> <!-- Default test -->
  </suite> <!-- Default suite -->
</testng-results>
