<?xml version="1.0" encoding="UTF-8"?>
<testng-results skipped="0" failed="0" ignored="0" total="8" passed="8">
  <reporter-output>
  </reporter-output>
  <suite name="Suite" duration-ms="44" started-at="2019-05-29T08:08:06Z" finished-at="2019-05-29T08:08:06Z">
    <groups>
    </groups>
    <test name="Test" duration-ms="44" started-at="2019-05-29T08:08:06Z" finished-at="2019-05-29T08:08:06Z">
      <class name="Test1">
        <test-method status="PASS" signature="method1()[pri:0, instance:Test1@3c09711b]" name="method1" duration-ms="9" started-at="2019-05-29T13:38:06Z" finished-at="2019-05-29T13:38:06Z">
          <reporter-output>
          </reporter-output>
        </test-method> <!-- method1 -->
        <test-method status="PASS" signature="firstmethod()[pri:1, instance:Test1@3c09711b]" name="firstmethod" duration-ms="1" started-at="2019-05-29T13:38:06Z" finished-at="2019-05-29T13:38:06Z">
          <reporter-output>
          </reporter-output>
        </test-method> <!-- firstmethod -->
        <test-method status="PASS" signature="secondmethod()[pri:2, instance:Test1@3c09711b]" name="secondmethod" duration-ms="1" started-at="2019-05-29T13:38:06Z" finished-at="2019-05-29T13:38:06Z">
          <reporter-output>
          </reporter-output>
        </test-method> <!-- secondmethod -->
        <test-method status="PASS" signature="thirdmethod()[pri:3, instance:Test1@3c09711b]" name="thirdmethod" duration-ms="1" started-at="2019-05-29T13:38:06Z" finished-at="2019-05-29T13:38:06Z">
          <reporter-output>
          </reporter-output>
        </test-method> <!-- thirdmethod -->
      </class> <!-- Test1 -->
      <class name="Test2">
        <test-method status="PASS" signature="method2()[pri:0, instance:Test2@4590c9c3]" name="method2" duration-ms="1" started-at="2019-05-29T13:38:06Z" finished-at="2019-05-29T13:38:06Z">
          <reporter-output>
          </reporter-output>
        </test-method> <!-- method2 -->
        <test-method status="PASS" signature="firstmethod()[pri:3, instance:Test2@4590c9c3]" name="firstmethod" duration-ms="1" started-at="2019-05-29T13:38:06Z" finished-at="2019-05-29T13:38:06Z">
          <reporter-output>
          </reporter-output>
        </test-method> <!-- firstmethod -->
        <test-method status="PASS" signature="secondmethod()[pri:4, instance:Test2@4590c9c3]" name="secondmethod" duration-ms="1" started-at="2019-05-29T13:38:06Z" finished-at="2019-05-29T13:38:06Z">
          <reporter-output>
          </reporter-output>
        </test-method> <!-- secondmethod -->
        <test-method status="PASS" signature="thirdmethod()[pri:5, instance:Test2@4590c9c3]" name="thirdmethod" duration-ms="0" started-at="2019-05-29T13:38:06Z" finished-at="2019-05-29T13:38:06Z">
          <reporter-output>
          </reporter-output>
        </test-method> <!-- thirdmethod -->
      </class> <!-- Test2 -->
    </test> <!-- Test -->
  </suite> <!-- Suite -->
</testng-results>
